Build started 2017/7/13 16:59:41.
     1>Project "D:\WorkSpace\Rep\emd\emd2DTester\emd2DTester\emd2DTester\emd2DTester.vcxproj" on node 2 (Build target(s)).
     1>CustomBuild:
         Moc'ing emd2dtester.h...
       ClCompile:
         D:\Procedure\vs2013\VC\bin\x86_amd64\CL.exe /c /I.\GeneratedFiles /I. /ID:\Procedure\Qt5.8\5.8\msvc2013_64\include /I.\GeneratedFiles\Debug /ID:\Procedure\Qt5.8\5.8\msvc2013_64\include\QtCore /ID:\Procedure\Qt5.8\5.8\msvc2013_64\include\QtGui /ID:\Procedure\Qt5.8\5.8\msvc2013_64\include\QtWidgets /ID:\WorkSpace\VS_WS\opencv\win_build\install\include /Zi /nologo /W1 /WX- /Od /D UNICODE /D WIN32 /D WIN64 /D QT_DLL /D QT_CORE_LIB /D QT_GUI_LIB /D QT_WIDGETS_LIB /Gm- /EHsc /MDd /GS /fp:precise /Zc:wchar_t /Zc:forScope /Fo"x64\Debug\\" /Fd"x64\Debug\vc120.pdb" /Gd /TP /errorReport:prompt emd2dtester.cpp GeneratedFiles\Debug\moc_emd2dtester.cpp main.cpp
         emd2dtester.cpp
         moc_emd2dtester.cpp
         main.cpp
         Generating Code...
         D:\Procedure\vs2013\VC\bin\x86_amd64\CL.exe /c /I.\GeneratedFiles /I. /ID:\Procedure\Qt5.8\5.8\msvc2013_64\include /I.\GeneratedFiles\Debug /ID:\Procedure\Qt5.8\5.8\msvc2013_64\include\QtCore /ID:\Procedure\Qt5.8\5.8\msvc2013_64\include\QtGui /ID:\Procedure\Qt5.8\5.8\msvc2013_64\include\QtWidgets /ID:\WorkSpace\VS_WS\opencv\win_build\install\include /Zi /nologo /W1 /WX- /Od /D UNICODE /D WIN32 /D WIN64 /D QT_DLL /D QT_CORE_LIB /D QT_GUI_LIB /D QT_WIDGETS_LIB /Gm- /EHsc /MDd /GS /fp:precise /Zc:wchar_t /Zc:forScope /Fo"x64\Debug\\" /Fd"x64\Debug\vc120.pdb" /Gd /TP /errorReport:prompt GeneratedFiles\qrc_emd2dtester.cpp
         qrc_emd2dtester.cpp
       Link:
         D:\Procedure\vs2013\VC\bin\x86_amd64\link.exe /ERRORREPORT:PROMPT /OUT:"D:\WorkSpace\Rep\emd\emd2DTester\emd2DTester\x64\Debug\\emd2DTester.exe" /NOLOGO /LIBPATH:D:\Procedure\Qt5.8\5.8\msvc2013_64\lib /LIBPATH:D:\WorkSpace\VS_WS\opencv\win_build\install\x64\vc12\lib qtmaind.lib Qt5Cored.lib Qt5Guid.lib Qt5Widgetsd.lib opencv_core2413d.lib opencv_highgui2413d.lib opencv_imgproc2413d.lib kernel32.lib user32.lib gdi32.lib winspool.lib comdlg32.lib advapi32.lib shell32.lib ole32.lib oleaut32.lib uuid.lib odbc32.lib odbccp32.lib /MANIFEST /MANIFESTUAC:"level='asInvoker' uiAccess='false'" /manifest:embed /DEBUG /PDB:"D:\WorkSpace\Rep\emd\emd2DTester\emd2DTester\x64\Debug\emd2DTester.pdb" /SUBSYSTEM:WINDOWS /TLBID:1 /DYNAMICBASE /NXCOMPAT /IMPLIB:"D:\WorkSpace\Rep\emd\emd2DTester\emd2DTester\x64\Debug\emd2DTester.lib" /MACHINE:X64 x64\Debug\emd2dtester.obj
         x64\Debug\funcs.obj
         x64\Debug\moc_emd2dtester.obj
         x64\Debug\qrc_emd2dtester.obj
         x64\Debug\main.obj
     1>emd2dtester.obj : error LNK2019: unresolved external symbol "class QImage __cdecl MatToQImage(class cv::Mat const &)" (?MatToQImage@@YA?AVQImage@@AEBVMat@cv@@@Z) referenced in function "private: void __cdecl emd2DTester::setPairIndexSlot(int)" (?setPairIndexSlot@emd2DTester@@AEAAXH@Z)
     1>D:\WorkSpace\Rep\emd\emd2DTester\emd2DTester\x64\Debug\\emd2DTester.exe : fatal error LNK1120: 1 unresolved externals
     1>Done Building Project "D:\WorkSpace\Rep\emd\emd2DTester\emd2DTester\emd2DTester\emd2DTester.vcxproj" (Build target(s)) -- FAILED.

Build FAILED.

Time Elapsed 00:00:04.98
